pi@raspberrypi:~$ sudo apt-get dist-upgrade
Reading package lists... Done
Building dependency tree       
Reading state information... Done
Calculating upgrade... Done
The following packages were automatically installed and are no longer required:
  fcitx-libs fonts-arphic-bsmi00lp fonts-arphic-gbsn00lp libicu48 liblcms1
  liblua5.1-0 libopencc1 libscim8v5 libtiff4 scim-im-agent scim-modules-socket
Use 'sudo apt autoremove' to remove them.
The following packages will be REMOVED:
  libpresage1 libtinyxml2.6.2
The following NEW packages will be installed:
  fcitx-frontend-qt5 libfcitx-config4 libfcitx-core0 libfcitx-gclient0
  libfcitx-qt0 libfcitx-qt5-1 libfcitx-utils0 libgettextpo0 liblua5.2-0
  libpresage1v5 libtinyxml2.6.2v5 qt-at-spi qtchooser qtcore4-l10n xxd
The following packages will be upgraded:
  fcitx-bin fcitx-config-common fcitx-config-gtk fcitx-frontend-all
  fcitx-frontend-gtk2 fcitx-frontend-gtk3 fcitx-frontend-qt4 fcitx-libs
  fcitx-module-lua fcitx-modules libpresage-data libqt4-dbus libqt4-xml
  libqtcore4 libqtdbus4 libqtgui4 presage qdbus vim vim-common vim-runtime
21 upgraded, 15 newly installed, 2 to remove and 0 not upgraded.
Need to get 18.6 MB of archives.
After this operation, 13.3 MB of additional disk space will be used.
Do you want to continue? [Y/n] Y
Get:1 http://mirrors.ustc.edu.cn/raspbian/raspbian stretch/main armhf fcitx-modules armhf 1:4.2.
9.1-6 [1,436 kB]
Get:2 http://mirrors.ustc.edu.cn/raspbian/raspbian stretch/main armhf presage armhf 0.9.1-2.1 [1
02 kB]
Get:3 http://mirrors.ustc.edu.cn/raspbian/raspbian stretch/main armhf libtinyxml2.6.2v5 armhf 2.
6.2-4 [32.6 kB]
Get:4 http://mirrors.ustc.edu.cn/raspbian/raspbian stretch/main armhf libpresage-data all 0.9.1-
2.1 [3,566 kB]
Get:5 http://mirrors.ustc.edu.cn/raspbian/raspbian stretch/main armhf libpresage1v5 armhf 0.9.1-
2.1 [167 kB]
Get:6 http://mirrors.ustc.edu.cn/raspbian/raspbian stretch/main armhf vim armhf 2:8.0.0197-4 [79
0 kB]
Get:7 http://mirrors.ustc.edu.cn/raspbian/raspbian stretch/main armhf vim-runtime all 2:8.0.0197
-4 [5,409 kB]
Get:8 http://mirrors.ustc.edu.cn/raspbian/raspbian stretch/main armhf vim-common all 2:8.0.0197-
4 [159 kB]
Get:9 http://mirrors.ustc.edu.cn/raspbian/raspbian stretch/main armhf xxd armhf 2:8.0.0197-4 [13
1 kB]
Get:10 http://mirrors.ustc.edu.cn/raspbian/raspbian stretch/main armhf fcitx-libs all 1:4.2.9.1-
6 [24.9 kB]
Get:11 http://mirrors.ustc.edu.cn/raspbian/raspbian stretch/main armhf libfcitx-utils0 armhf 1:4
.2.9.1-6 [47.8 kB]
Get:12 http://mirrors.ustc.edu.cn/raspbian/raspbian stretch/main armhf libfcitx-core0 armhf 1:4.
2.9.1-6 [66.9 kB]
Get:13 http://mirrors.ustc.edu.cn/raspbian/raspbian stretch/main armhf libfcitx-config4 armhf 1:
4.2.9.1-6 [50.3 kB]
Get:14 http://mirrors.ustc.edu.cn/raspbian/raspbian stretch/main armhf libgettextpo0 armhf 0.19.
8.1-2 [126 kB]
Get:15 http://mirrors.ustc.edu.cn/raspbian/raspbian stretch/main armhf fcitx-bin armhf 1:4.2.9.1
-6 [60.0 kB]
Get:16 http://mirrors.ustc.edu.cn/raspbian/raspbian stretch/main armhf libfcitx-gclient0 armhf 1
:4.2.9.1-6 [38.4 kB]
Get:17 http://mirrors.ustc.edu.cn/raspbian/raspbian stretch/main armhf fcitx-config-gtk armhf 0.
4.8-3 [31.9 kB]
Get:18 http://mirrors.ustc.edu.cn/raspbian/raspbian stretch/main armhf fcitx-config-common all 0
.4.8-3 [6,030 B]
Get:19 http://mirrors.ustc.edu.cn/raspbian/raspbian stretch/main armhf fcitx-frontend-all all 1:
4.2.9.1-6 [25.2 kB]
Get:20 http://mirrors.ustc.edu.cn/raspbian/raspbian stretch/main armhf fcitx-frontend-gtk2 armhf
 1:4.2.9.1-6 [34.7 kB]
Get:21 http://mirrors.ustc.edu.cn/raspbian/raspbian stretch/main armhf fcitx-frontend-gtk3 armhf
 1:4.2.9.1-6 [35.4 kB]
Get:22 http://mirrors.ustc.edu.cn/raspbian/raspbian stretch/main armhf libqtdbus4 armhf 4:4.8.7+
dfsg-11+rpi1 [193 kB]
Get:23 http://mirrors.ustc.edu.cn/raspbian/raspbian stretch/main armhf libqt4-dbus armhf 4:4.8.7
+dfsg-11+rpi1 [52.8 kB]
Get:24 http://mirrors.ustc.edu.cn/raspbian/raspbian stretch/main armhf qdbus armhf 4:4.8.7+dfsg-
11+rpi1 [72.2 kB]
Get:25 http://mirrors.ustc.edu.cn/raspbian/raspbian stretch/main armhf libqt4-xml armhf 4:4.8.7+
dfsg-11+rpi1 [126 kB]
Get:26 http://mirrors.ustc.edu.cn/raspbian/raspbian stretch/main armhf libqtgui4 armhf 4:4.8.7+d
fsg-11+rpi1 [3,426 kB]
Get:27 http://mirrors.ustc.edu.cn/raspbian/raspbian stretch/main armhf libqtcore4 armhf 4:4.8.7+
dfsg-11+rpi1 [1,366 kB]
Get:28 http://mirrors.ustc.edu.cn/raspbian/raspbian stretch/main armhf qtcore4-l10n all 4:4.8.7+
dfsg-11+rpi1 [662 kB]
Get:29 http://mirrors.ustc.edu.cn/raspbian/raspbian stretch/main armhf qtchooser armhf 63-g13a3d
08-1 [21.9 kB]
Get:30 http://mirrors.ustc.edu.cn/raspbian/raspbian stretch/main armhf libfcitx-qt0 armhf 1:4.2.
9.1-6 [80.4 kB]
Get:31 http://mirrors.ustc.edu.cn/raspbian/raspbian stretch/main armhf fcitx-frontend-qt4 armhf 
1:4.2.9.1-6 [46.0 kB]
Get:32 http://mirrors.ustc.edu.cn/raspbian/raspbian stretch/main armhf libfcitx-qt5-1 armhf 1.0.
5-1+b1 [51.6 kB]
Get:33 http://mirrors.ustc.edu.cn/raspbian/raspbian stretch/main armhf fcitx-frontend-qt5 armhf 
1.0.5-1+b1 [27.8 kB]
Get:34 http://mirrors.ustc.edu.cn/raspbian/raspbian stretch/main armhf liblua5.2-0 armhf 5.2.4-1
.1 [82.8 kB]
Get:35 http://mirrors.ustc.edu.cn/raspbian/raspbian stretch/main armhf fcitx-module-lua armhf 1:
4.2.9.1-6 [36.6 kB]
Get:36 http://mirrors.ustc.edu.cn/raspbian/raspbian stretch/main armhf qt-at-spi armhf 0.4.0-5 [
~
47.4 kB]
Fetched 18.6 MB in 28s (662 kB/s)                                              
Reading changelogs... Done
apt-listchanges: News
---------------------

vim (2:8.0.0022-1) unstable; urgency=medium

  Vim now ships with a defaults.vim file which, when the user has no vimrc,
  enables some options that have historically been disabled by default.  This
  is described in more detail at ":help defaults.vim".

  Since defaults.vim is loaded when the user's vimrc would typically be
  loaded, it will override any settings in /etc/vim/vimrc(.local).  In order
  to disable the loading of defaults.vim, add

    let g:skip_defaults_vim = 1

  to /etc/vim/vimrc(.local).

 -- James McCoy <jamessan@debian.org>  Tue, 04 Oct 2016 20:28:02 -0400

  If you have plugins/addons that use Python, they may need to be updated to
  support python3.

  Similarly, python3 specific packages may need to be installed to re-enable
...skipping...

  Since defaults.vim is loaded when the user's vimrc would typically be
  loaded, it will override any settings in /etc/vim/vimrc(.local).  In order
  to disable the loading of defaults.vim, add

    let g:skip_defaults_vim = 1

  to /etc/vim/vimrc(.local).

 -- James McCoy <jamessan@debian.org>  Tue, 04 Oct 2016 20:28:02 -0400

vim (2:7.4.2330-1) unstable; urgency=medium

  The Python language bindings have been switched from python2 to python3.
  If you have plugins/addons that use Python, they may need to be updated to
  support python3.

  Similarly, python3 specific packages may need to be installed to re-enable
  plugins (e.g., python-powerline is replaced by python3-powerline) or plugin
  features.

 -- James McCoy <jamessan@debian.org>  Wed, 07 Sep 2016 22:12:11 -0400

...skipping...

  Since defaults.vim is loaded when the user's vimrc would typically be
  loaded, it will override any settings in /etc/vim/vimrc(.local).  In order
  to disable the loading of defaults.vim, add

    let g:skip_defaults_vim = 1

  to /etc/vim/vimrc(.local).

 -- James McCoy <jamessan@debian.org>  Tue, 04 Oct 2016 20:28:02 -0400

vim (2:7.4.2330-1) unstable; urgency=medium

  The Python language bindings have been switched from python2 to python3.
  If you have plugins/addons that use Python, they may need to be updated to
  support python3.

  Similarly, python3 specific packages may need to be installed to re-enable
  plugins (e.g., python-powerline is replaced by python3-powerline) or plugin
  features.

 -- James McCoy <jamessan@debian.org>  Wed, 07 Sep 2016 22:12:11 -0400

Extracting templates from packages: 100%
(Reading database ... 125194 files and directories currently installed.)
Preparing to unpack .../fcitx-modules_1%3a4.2.9.1-6_armhf.deb ...
Unpacking fcitx-modules (1:4.2.9.1-6) over (1:4.2.4.1-7) ...
Preparing to unpack .../presage_0.9.1-2.1_armhf.deb ...
Unpacking presage (0.9.1-2.1) over (0.8.8-1) ...
(Reading database ... 125210 files and directories currently installed.)
Removing libpresage1 (0.8.8-1) ...
Removing libtinyxml2.6.2 (2.6.2-1) ...
Selecting previously unselected package libtinyxml2.6.2v5:armhf.
(Reading database ... 125193 files and directories currently installed.)
Preparing to unpack .../00-libtinyxml2.6.2v5_2.6.2-4_armhf.deb ...
Unpacking libtinyxml2.6.2v5:armhf (2.6.2-4) ...
Preparing to unpack .../01-libpresage-data_0.9.1-2.1_all.deb ...
Unpacking libpresage-data (0.9.1-2.1) over (0.8.8-1) ...
Selecting previously unselected package libpresage1v5:armhf.
Preparing to unpack .../02-libpresage1v5_0.9.1-2.1_armhf.deb ...
Unpacking libpresage1v5:armhf (0.9.1-2.1) ...
Preparing to unpack .../03-vim_2%3a8.0.0197-4_armhf.deb ...
Unpacking vim (2:8.0.0197-4) over (2:7.3.547-7+deb7u4) ...
Preparing to unpack .../04-vim-runtime_2%3a8.0.0197-4_all.deb ...
Adding 'diversion of /usr/share/vim/vim80/doc/help.txt to /usr/share/vim/vim80/doc/help.txt.vim-
tiny by vim-runtime'
Adding 'diversion of /usr/share/vim/vim80/doc/tags to /usr/share/vim/vim80/doc/tags.vim-tiny by 
vim-runtime'
Unpacking vim-runtime (2:8.0.0197-4) over (2:7.3.547-7+deb7u4) ...
Removing 'diversion of /usr/share/vim/vim73/doc/help.txt to /usr/share/vim/vim73/doc/help.txt.vi
m-tiny by vim-runtime'
Removing 'diversion of /usr/share/vim/vim73/doc/tags to /usr/share/vim/vim73/doc/tags.vim-tiny b
y vim-runtime'
Preparing to unpack .../05-vim-common_2%3a8.0.0197-4_all.deb ...
Unpacking vim-common (2:8.0.0197-4) over (2:7.3.547-7+deb7u4) ...
Selecting previously unselected package xxd.
Preparing to unpack .../06-xxd_2%3a8.0.0197-4_armhf.deb ...
Unpacking xxd (2:8.0.0197-4) ...
Preparing to unpack .../07-fcitx-libs_1%3a4.2.9.1-6_all.deb ...
Unpacking fcitx-libs (1:4.2.9.1-6) over (1:4.2.4.1-7) ...
Selecting previously unselected package libfcitx-utils0:armhf.
Preparing to unpack .../08-libfcitx-utils0_1%3a4.2.9.1-6_armhf.deb ...
Unpacking libfcitx-utils0:armhf (1:4.2.9.1-6) ...
Selecting previously unselected package libfcitx-core0:armhf.
Preparing to unpack .../09-libfcitx-core0_1%3a4.2.9.1-6_armhf.deb ...
Unpacking libfcitx-core0:armhf (1:4.2.9.1-6) ...
Selecting previously unselected package libfcitx-config4:armhf.
Preparing to unpack .../10-libfcitx-config4_1%3a4.2.9.1-6_armhf.deb ...
Unpacking libfcitx-config4:armhf (1:4.2.9.1-6) ...
Selecting previously unselected package libgettextpo0:armhf.
Preparing to unpack .../11-libgettextpo0_0.19.8.1-2_armhf.deb ...
Unpacking libgettextpo0:armhf (0.19.8.1-2) ...
Preparing to unpack .../12-fcitx-bin_1%3a4.2.9.1-6_armhf.deb ...
Unpacking fcitx-bin (1:4.2.9.1-6) over (1:4.2.4.1-7) ...
Selecting previously unselected package libfcitx-gclient0:armhf.
Preparing to unpack .../13-libfcitx-gclient0_1%3a4.2.9.1-6_armhf.deb ...
Unpacking libfcitx-gclient0:armhf (1:4.2.9.1-6) ...
Preparing to unpack .../14-fcitx-config-gtk_0.4.8-3_armhf.deb ...
Unpacking fcitx-config-gtk (0.4.8-3) over (0.4.4-1) ...
Preparing to unpack .../15-fcitx-config-common_0.4.8-3_all.deb ...
Unpacking fcitx-config-common (0.4.8-3) over (0.4.4-1) ...
Preparing to unpack .../16-fcitx-frontend-all_1%3a4.2.9.1-6_all.deb ...
Unpacking fcitx-frontend-all (1:4.2.9.1-6) over (1:4.2.4.1-7) ...
Preparing to unpack .../17-fcitx-frontend-gtk2_1%3a4.2.9.1-6_armhf.deb ...
Unpacking fcitx-frontend-gtk2 (1:4.2.9.1-6) over (1:4.2.4.1-7) ...
Preparing to unpack .../18-fcitx-frontend-gtk3_1%3a4.2.9.1-6_armhf.deb ...
Unpacking fcitx-frontend-gtk3 (1:4.2.9.1-6) over (1:4.2.4.1-7) ...
Preparing to unpack .../19-libqtdbus4_4%3a4.8.7+dfsg-11+rpi1_armhf.deb ...
Unpacking libqtdbus4:armhf (4:4.8.7+dfsg-11+rpi1) over (4:4.8.2+dfsg-11+rpi1) ...
Preparing to unpack .../20-libqt4-dbus_4%3a4.8.7+dfsg-11+rpi1_armhf.deb ...
Unpacking libqt4-dbus:armhf (4:4.8.7+dfsg-11+rpi1) over (4:4.8.2+dfsg-11+rpi1) ...
Preparing to unpack .../21-qdbus_4%3a4.8.7+dfsg-11+rpi1_armhf.deb ...
Unpacking qdbus (4:4.8.7+dfsg-11+rpi1) over (4:4.8.2+dfsg-11+rpi1) ...
Preparing to unpack .../22-libqt4-xml_4%3a4.8.7+dfsg-11+rpi1_armhf.deb ...
Unpacking libqt4-xml:armhf (4:4.8.7+dfsg-11+rpi1) over (4:4.8.2+dfsg-11+rpi1) ...
Preparing to unpack .../23-libqtgui4_4%3a4.8.7+dfsg-11+rpi1_armhf.deb ...
Unpacking libqtgui4:armhf (4:4.8.7+dfsg-11+rpi1) over (4:4.8.2+dfsg-11+rpi1) ...
Preparing to unpack .../24-libqtcore4_4%3a4.8.7+dfsg-11+rpi1_armhf.deb ...
Unpacking libqtcore4:armhf (4:4.8.7+dfsg-11+rpi1) over (4:4.8.2+dfsg-11+rpi1) ...
Selecting previously unselected package qtcore4-l10n.
Preparing to unpack .../25-qtcore4-l10n_4%3a4.8.7+dfsg-11+rpi1_all.deb ...
Unpacking qtcore4-l10n (4:4.8.7+dfsg-11+rpi1) ...
Selecting previously unselected package qtchooser.
Preparing to unpack .../26-qtchooser_63-g13a3d08-1_armhf.deb ...
Unpacking qtchooser (63-g13a3d08-1) ...
Selecting previously unselected package libfcitx-qt0:armhf.
Preparing to unpack .../27-libfcitx-qt0_1%3a4.2.9.1-6_armhf.deb ...
Unpacking libfcitx-qt0:armhf (1:4.2.9.1-6) ...
Preparing to unpack .../28-fcitx-frontend-qt4_1%3a4.2.9.1-6_armhf.deb ...
Unpacking fcitx-frontend-qt4 (1:4.2.9.1-6) over (1:4.2.4.1-7) ...
Selecting previously unselected package libfcitx-qt5-1:armhf.
Preparing to unpack .../29-libfcitx-qt5-1_1.0.5-1+b1_armhf.deb ...
Unpacking libfcitx-qt5-1:armhf (1.0.5-1+b1) ...
Selecting previously unselected package fcitx-frontend-qt5:armhf.
Preparing to unpack .../30-fcitx-frontend-qt5_1.0.5-1+b1_armhf.deb ...
Unpacking fcitx-frontend-qt5:armhf (1.0.5-1+b1) ...
Selecting previously unselected package liblua5.2-0:armhf.
Preparing to unpack .../31-liblua5.2-0_5.2.4-1.1_armhf.deb ...
Unpacking liblua5.2-0:armhf (5.2.4-1.1) ...
Preparing to unpack .../32-fcitx-module-lua_1%3a4.2.9.1-6_armhf.deb ...
Unpacking fcitx-module-lua (1:4.2.9.1-6) over (1:4.2.4.1-7) ...
Selecting previously unselected package qt-at-spi:armhf.
Preparing to unpack .../33-qt-at-spi_0.4.0-5_armhf.deb ...
Unpacking qt-at-spi:armhf (0.4.0-5) ...
Processing triggers for libgtk2.0-0:armhf (2.24.31-2) ...
Setting up libtinyxml2.6.2v5:armhf (2.6.2-4) ...
Processing triggers for mime-support (3.60) ...
Setting up xxd (2:8.0.0197-4) ...
Processing triggers for desktop-file-utils (0.23-1) ...
Setting up fcitx-config-common (0.4.8-3) ...
Setting up qtcore4-l10n (4:4.8.7+dfsg-11+rpi1) ...
Setting up qtchooser (63-g13a3d08-1) ...
Setting up libfcitx-utils0:armhf (1:4.2.9.1-6) ...
Setting up libfcitx-gclient0:armhf (1:4.2.9.1-6) ...
Processing triggers for libgtk-3-0:armhf (3.22.11-1+rpi3) ...
Setting up libfcitx-config4:armhf (1:4.2.9.1-6) ...
Setting up libgettextpo0:armhf (0.19.8.1-2) ...
Processing triggers for libc-bin (2.24-11+deb9u1) ...
Setting up libqtcore4:armhf (4:4.8.7+dfsg-11+rpi1) ...
Setting up fcitx-frontend-gtk2 (1:4.2.9.1-6) ...
Setting up vim-common (2:8.0.0197-4) ...
Installing new version of config file /etc/vim/vimrc ...
Setting up libpresage-data (0.9.1-2.1) ...
Installing new version of config file /etc/presage.xml ...
Processing triggers for man-db (2.7.6.1-2) ...
Setting up vim-runtime (2:8.0.0197-4) ...
Setting up liblua5.2-0:armhf (5.2.4-1.1) ...
Processing triggers for gnome-menus (3.13.3-9) ...
Setting up libfcitx-core0:armhf (1:4.2.9.1-6) ...
Setting up fcitx-libs (1:4.2.9.1-6) ...
Processing triggers for hicolor-icon-theme (0.15-1) ...
Setting up fcitx-frontend-all (1:4.2.9.1-6) ...
Setting up libqt4-xml:armhf (4:4.8.7+dfsg-11+rpi1) ...                            
Setting up libqtgui4:armhf (4:4.8.7+dfsg-11+rpi1) ...                             
Setting up libpresage1v5:armhf (0.9.1-2.1) ...                                    
Setting up vim (2:8.0.0197-4) ...                                                 
update-alternatives: updating alternative /usr/bin/vim.basic because link group vi has changed s
lave links                                                                        
update-alternatives: updating alternative /usr/bin/vim.basic because link group view has changed
 slave links                                                                      
update-alternatives: updating alternative /usr/bin/vim.basic because link group ex has changed s
lave links                                                                        
Setting up libfcitx-qt5-1:armhf (1.0.5-1+b1) ...                                  
Setting up presage (0.9.1-2.1) ...                                                
Setting up fcitx-frontend-gtk3 (1:4.2.9.1-6) ...                                  
Setting up fcitx-frontend-qt5:armhf (1.0.5-1+b1) ...                              
Setting up fcitx-config-gtk (0.4.8-3) ...                                         
Setting up fcitx-bin (1:4.2.9.1-6) ...                                            
Setting up fcitx-modules (1:4.2.9.1-6) ...                                        
Setting up libqtdbus4:armhf (4:4.8.7+dfsg-11+rpi1) ...                            
Setting up qdbus (4:4.8.7+dfsg-11+rpi1) ...                                       
Setting up fcitx-module-lua (1:4.2.9.1-6) ...
Setting up libqt4-dbus:armhf (4:4.8.7+dfsg-11+rpi1) ...
Setting up libfcitx-qt0:armhf (1:4.2.9.1-6) ...
Setting up qt-at-spi:armhf (0.4.0-5) ...
Setting up fcitx-frontend-qt4 (1:4.2.9.1-6) ...
Processing triggers for libc-bin (2.24-11+deb9u1) ...
pi@raspberrypi:~$ 
Meta-Z for help | 115200 8N1 | NOR | Minicom 2.7.1 | VT102 | Offline | tty.usbserial           
